2026-04-10 20:38:17,994 - INFO - Ruta de ejecución detectada: /Users/guille/Documents/LASALLE/MASTER/DeepLearning/DL-CNN
2026-04-10 20:38:17,994 - INFO - === STEP 1: SETUP DATA ===
2026-04-10 20:38:17,994 - INFO - Starting decompression of 'melanoma_test_data.zip' into 'data/melanoma_test_data'...
2026-04-10 20:38:18,191 - INFO - Decompression completed successfully. Total files: 2003
2026-04-10 20:38:18,191 - INFO - Starting decompression of 'melanoma_train_data_benign.zip' into 'data/melanoma_train_data_benign'...
2026-04-10 20:38:18,840 - INFO - Decompression completed successfully. Total files: 6290
2026-04-10 20:38:18,841 - INFO - Starting decompression of 'melanoma_train_data_malignant.zip' into 'data/melanoma_train_data_malignant'...
2026-04-10 20:38:19,431 - INFO - Decompression completed successfully. Total files: 5591
2026-04-10 20:38:19,431 - INFO - Starting Melanoma data organization...
2026-04-10 20:38:19,431 - INFO - Successfully moved: test -> /Users/guille/Documents/LASALLE/MASTER/DeepLearning/DL-CNN/data/test
2026-04-10 20:38:19,433 - INFO - Successfully moved: Benign -> /Users/guille/Documents/LASALLE/MASTER/DeepLearning/DL-CNN/data/train/benign
2026-04-10 20:38:19,434 - INFO - Successfully moved: Malignant -> /Users/guille/Documents/LASALLE/MASTER/DeepLearning/DL-CNN/data/train/malignant
2026-04-10 20:38:19,434 - INFO - Cleaning up residual directories...
2026-04-10 20:38:19,434 - INFO - Successfully removed residual directory: /Users/guille/Documents/LASALLE/MASTER/DeepLearning/DL-CNN/data/melanoma_test_data
2026-04-10 20:38:19,434 - INFO - Successfully removed residual directory: /Users/guille/Documents/LASALLE/MASTER/DeepLearning/DL-CNN/data/melanoma_train_data_benign
2026-04-10 20:38:19,434 - INFO - Successfully removed residual directory: /Users/guille/Documents/LASALLE/MASTER/DeepLearning/DL-CNN/data/melanoma_train_data_malignant
2026-04-10 20:38:19,435 - INFO - Organization and cleanup complete.
2026-04-10 20:38:19,435 - INFO - === STEP 1.5: IMAGE ENHANCEMENT (FSRCNN PyTorch x4 + Laplacian) ===
2026-04-10 20:38:19,482 - INFO - FSRCNN x4 (Luminancia) cargado con éxito en mps
2026-04-10 20:38:19,501 - INFO - Iniciando Pipeline Rápido (FSRCNN + Laplaciano) en benign...
2026-04-10 20:38:19,814 - INFO - Progreso benign: 0/6289
2026-04-10 20:38:21,813 - INFO - Progreso benign: 100/6289
2026-04-10 20:38:23,742 - INFO - Progreso benign: 200/6289
2026-04-10 20:38:25,725 - INFO - Progreso benign: 300/6289
2026-04-10 20:38:27,739 - INFO - Progreso benign: 400/6289
2026-04-10 20:38:29,712 - INFO - Progreso benign: 500/6289
2026-04-10 20:38:31,690 - INFO - Progreso benign: 600/6289
2026-04-10 20:38:33,657 - INFO - Progreso benign: 700/6289
2026-04-10 20:38:35,655 - INFO - Progreso benign: 800/6289
2026-04-10 20:38:37,593 - INFO - Progreso benign: 900/6289
2026-04-10 20:38:39,506 - INFO - Progreso benign: 1000/6289
2026-04-10 20:38:41,417 - INFO - Progreso benign: 1100/6289
2026-04-10 20:38:43,347 - INFO - Progreso benign: 1200/6289
2026-04-10 20:38:45,287 - INFO - Progreso benign: 1300/6289
2026-04-10 20:38:47,210 - INFO - Progreso benign: 1400/6289
2026-04-10 20:38:49,110 - INFO - Progreso benign: 1500/6289
2026-04-10 20:38:51,036 - INFO - Progreso benign: 1600/6289
2026-04-10 20:38:52,980 - INFO - Progreso benign: 1700/6289
2026-04-10 20:38:54,893 - INFO - Progreso benign: 1800/6289
2026-04-10 20:38:56,865 - INFO - Progreso benign: 1900/6289
2026-04-10 20:38:58,854 - INFO - Progreso benign: 2000/6289
2026-04-10 20:39:00,794 - INFO - Progreso benign: 2100/6289
2026-04-10 20:39:02,862 - INFO - Progreso benign: 2200/6289
2026-04-10 20:39:04,864 - INFO - Progreso benign: 2300/6289
2026-04-10 20:39:06,805 - INFO - Progreso benign: 2400/6289
2026-04-10 20:39:08,870 - INFO - Progreso benign: 2500/6289
2026-04-10 20:39:10,805 - INFO - Progreso benign: 2600/6289
2026-04-10 20:39:12,756 - INFO - Progreso benign: 2700/6289
2026-04-10 20:39:14,706 - INFO - Progreso benign: 2800/6289
2026-04-10 20:39:16,641 - INFO - Progreso benign: 2900/6289
2026-04-10 20:39:18,581 - INFO - Progreso benign: 3000/6289
2026-04-10 20:39:20,544 - INFO - Progreso benign: 3100/6289
2026-04-10 20:39:22,468 - INFO - Progreso benign: 3200/6289
2026-04-10 20:39:24,424 - INFO - Progreso benign: 3300/6289
2026-04-10 20:39:26,344 - INFO - Progreso benign: 3400/6289
2026-04-10 20:39:28,303 - INFO - Progreso benign: 3500/6289
2026-04-10 20:39:30,240 - INFO - Progreso benign: 3600/6289
2026-04-10 20:39:32,162 - INFO - Progreso benign: 3700/6289
2026-04-10 20:39:34,133 - INFO - Progreso benign: 3800/6289
2026-04-10 20:39:36,114 - INFO - Progreso benign: 3900/6289
2026-04-10 20:39:38,078 - INFO - Progreso benign: 4000/6289
2026-04-10 20:39:40,036 - INFO - Progreso benign: 4100/6289
2026-04-10 20:39:41,981 - INFO - Progreso benign: 4200/6289
2026-04-10 20:39:43,929 - INFO - Progreso benign: 4300/6289
2026-04-10 20:39:45,963 - INFO - Progreso benign: 4400/6289
2026-04-10 20:39:47,947 - INFO - Progreso benign: 4500/6289
2026-04-10 20:39:50,020 - INFO - Progreso benign: 4600/6289
2026-04-10 20:39:52,072 - INFO - Progreso benign: 4700/6289
2026-04-10 20:39:54,052 - INFO - Progreso benign: 4800/6289
2026-04-10 20:39:56,016 - INFO - Progreso benign: 4900/6289
2026-04-10 20:39:57,973 - INFO - Progreso benign: 5000/6289
2026-04-10 20:39:59,910 - INFO - Progreso benign: 5100/6289
2026-04-10 20:40:01,848 - INFO - Progreso benign: 5200/6289
2026-04-10 20:40:03,819 - INFO - Progreso benign: 5300/6289
2026-04-10 20:40:05,745 - INFO - Progreso benign: 5400/6289
2026-04-10 20:40:07,700 - INFO - Progreso benign: 5500/6289
2026-04-10 20:40:09,671 - INFO - Progreso benign: 5600/6289
2026-04-10 20:40:11,621 - INFO - Progreso benign: 5700/6289
2026-04-10 20:40:13,551 - INFO - Progreso benign: 5800/6289
2026-04-10 20:40:15,489 - INFO - Progreso benign: 5900/6289
2026-04-10 20:40:17,449 - INFO - Progreso benign: 6000/6289
2026-04-10 20:40:19,386 - INFO - Progreso benign: 6100/6289
2026-04-10 20:40:21,331 - INFO - Progreso benign: 6200/6289
2026-04-10 20:40:23,024 - INFO - Pipeline completado en benign.
2026-04-10 20:40:23,058 - INFO - Iniciando Pipeline Rápido (FSRCNN + Laplaciano) en malignant...
2026-04-10 20:40:23,078 - INFO - Progreso malignant: 0/5590
2026-04-10 20:40:25,041 - INFO - Progreso malignant: 100/5590
2026-04-10 20:40:27,052 - INFO - Progreso malignant: 200/5590
2026-04-10 20:40:29,029 - INFO - Progreso malignant: 300/5590
2026-04-10 20:40:30,991 - INFO - Progreso malignant: 400/5590
2026-04-10 20:40:32,948 - INFO - Progreso malignant: 500/5590
2026-04-10 20:40:34,888 - INFO - Progreso malignant: 600/5590
2026-04-10 20:40:36,832 - INFO - Progreso malignant: 700/5590
2026-04-10 20:40:38,797 - INFO - Progreso malignant: 800/5590
2026-04-10 20:40:40,777 - INFO - Progreso malignant: 900/5590
2026-04-10 20:40:42,722 - INFO - Progreso malignant: 1000/5590
2026-04-10 20:40:44,689 - INFO - Progreso malignant: 1100/5590
2026-04-10 20:40:46,632 - INFO - Progreso malignant: 1200/5590
2026-04-10 20:40:48,622 - INFO - Progreso malignant: 1300/5590
2026-04-10 20:40:50,607 - INFO - Progreso malignant: 1400/5590
2026-04-10 20:40:52,616 - INFO - Progreso malignant: 1500/5590
2026-04-10 20:40:54,567 - INFO - Progreso malignant: 1600/5590
2026-04-10 20:40:56,534 - INFO - Progreso malignant: 1700/5590
2026-04-10 20:40:58,478 - INFO - Progreso malignant: 1800/5590
2026-04-10 20:41:00,423 - INFO - Progreso malignant: 1900/5590
2026-04-10 20:41:02,476 - INFO - Progreso malignant: 2000/5590
2026-04-10 20:41:04,537 - INFO - Progreso malignant: 2100/5590
2026-04-10 20:41:06,620 - INFO - Progreso malignant: 2200/5590
2026-04-10 20:41:08,665 - INFO - Progreso malignant: 2300/5590
2026-04-10 20:41:10,625 - INFO - Progreso malignant: 2400/5590
2026-04-10 20:41:12,583 - INFO - Progreso malignant: 2500/5590
2026-04-10 20:41:14,526 - INFO - Progreso malignant: 2600/5590
2026-04-10 20:41:16,448 - INFO - Progreso malignant: 2700/5590
2026-04-10 20:41:18,389 - INFO - Progreso malignant: 2800/5590
2026-04-10 20:41:20,336 - INFO - Progreso malignant: 2900/5590
2026-04-10 20:41:22,281 - INFO - Progreso malignant: 3000/5590
2026-04-10 20:41:24,225 - INFO - Progreso malignant: 3100/5590
2026-04-10 20:41:26,163 - INFO - Progreso malignant: 3200/5590
2026-04-10 20:41:28,104 - INFO - Progreso malignant: 3300/5590
2026-04-10 20:41:30,068 - INFO - Progreso malignant: 3400/5590
2026-04-10 20:41:32,069 - INFO - Progreso malignant: 3500/5590
2026-04-10 20:41:34,145 - INFO - Progreso malignant: 3600/5590
2026-04-10 20:41:36,159 - INFO - Progreso malignant: 3700/5590
2026-04-10 20:41:38,206 - INFO - Progreso malignant: 3800/5590
2026-04-10 20:41:40,240 - INFO - Progreso malignant: 3900/5590
2026-04-10 20:41:42,233 - INFO - Progreso malignant: 4000/5590
2026-04-10 20:41:44,190 - INFO - Progreso malignant: 4100/5590
2026-04-10 20:41:46,137 - INFO - Progreso malignant: 4200/5590
2026-04-10 20:41:48,106 - INFO - Progreso malignant: 4300/5590
2026-04-10 20:41:50,087 - INFO - Progreso malignant: 4400/5590
2026-04-10 20:41:52,056 - INFO - Progreso malignant: 4500/5590
2026-04-10 20:41:54,037 - INFO - Progreso malignant: 4600/5590
2026-04-10 20:41:56,011 - INFO - Progreso malignant: 4700/5590
2026-04-10 20:41:57,987 - INFO - Progreso malignant: 4800/5590
2026-04-10 20:41:59,934 - INFO - Progreso malignant: 4900/5590
2026-04-10 20:42:01,895 - INFO - Progreso malignant: 5000/5590
2026-04-10 20:42:03,931 - INFO - Progreso malignant: 5100/5590
2026-04-10 20:42:05,998 - INFO - Progreso malignant: 5200/5590
2026-04-10 20:42:08,019 - INFO - Progreso malignant: 5300/5590
2026-04-10 20:42:10,003 - INFO - Progreso malignant: 5400/5590
2026-04-10 20:42:11,976 - INFO - Progreso malignant: 5500/5590
2026-04-10 20:42:13,733 - INFO - Pipeline completado en malignant.
2026-04-10 20:42:13,734 - INFO - === STEP 2: PATTERN ANALYSIS ===
2026-04-10 20:42:13,747 - INFO - Procesando 6289 imágenes en 'benign'...
2026-04-10 20:43:49,136 - INFO - Procesando 5590 imágenes en 'malignant'...
2026-04-10 20:45:14,360 - INFO - === STEP 3: EXPLORATORY DATA ANALYSIS ===
2026-04-10 20:45:14,361 - INFO - Comparando 14 características comunes...
2026-04-10 20:45:14,633 - INFO - Reporte visual EDA guardado en: /Users/guille/Documents/LASALLE/MASTER/DeepLearning/DL-CNN/images/eda_boxplots.png
2026-04-10 20:45:14,633 - INFO - === STEP 4: DATA AUGMENTATION (INFO) ===
2026-04-10 20:45:14,633 - INFO - Aumento de datos offline desactivado. Se realizará ONLINE durante el entrenamiento para evitar Data Leakage.
2026-04-10 20:45:14,633 - INFO - === STEP 5: SAVING VISUALIZATIONS ===
2026-04-10 20:45:15,366 - INFO - Visualización guardada con éxito en: /Users/guille/Documents/LASALLE/MASTER/DeepLearning/DL-CNN/images/summary_benign.png
2026-04-10 20:45:16,147 - INFO - Visualización guardada con éxito en: /Users/guille/Documents/LASALLE/MASTER/DeepLearning/DL-CNN/images/summary_malignant.png
2026-04-10 20:45:16,149 - INFO - Pipeline ejecutado con éxito.
