2026-04-10 20:55:09,838 - INFO - Ruta de ejecución detectada: /Users/guille/Documents/LASALLE/MASTER/DeepLearning/DL-CNN
2026-04-10 20:55:09,838 - INFO - === STEP 1: SETUP DATA ===
2026-04-10 20:55:09,839 - INFO - Datos ya organizados en data/train. Saltando extracción.
2026-04-10 20:55:09,839 - INFO - === STEP 1.5: IMAGE ENHANCEMENT (FSRCNN + Laplacian) ===
2026-04-10 20:55:09,881 - INFO - FSRCNN x4 (Luminancia) cargado con éxito en mps
2026-04-10 20:55:09,899 - INFO - Iniciando Pipeline Rápido (FSRCNN + Laplaciano) en benign...
2026-04-10 20:55:09,899 - INFO - Pipeline completado en benign.
2026-04-10 20:55:09,918 - INFO - Iniciando Pipeline Rápido (FSRCNN + Laplaciano) en malignant...
2026-04-10 20:55:09,918 - INFO - Pipeline completado en malignant.
2026-04-10 20:55:09,918 - INFO - === STEP 2: PATTERN ANALYSIS ===
2026-04-10 20:55:09,931 - INFO - Procesando 6289 imágenes en 'benign'...
2026-04-10 20:56:43,847 - INFO - Procesando 5590 imágenes en 'malignant'...
2026-04-10 20:58:08,179 - INFO - === STEP 3: EXPLORATORY DATA ANALYSIS ===
2026-04-10 20:58:08,180 - INFO - Comparando 14 características comunes...
2026-04-10 20:58:08,447 - INFO - Reporte visual EDA guardado en: /Users/guille/Documents/LASALLE/MASTER/DeepLearning/DL-CNN/images/eda_boxplots.png
2026-04-10 20:58:08,447 - INFO - === STEP 4: DATA AUGMENTATION (OFFLINE) ===
2026-04-10 20:58:08,461 - INFO - Iniciando aumento de datos en /Users/guille/Documents/LASALLE/MASTER/DeepLearning/DL-CNN/data/train/benign (6289 imágenes)...
2026-04-10 20:59:41,728 - INFO - Aumento completado con éxito en /Users/guille/Documents/LASALLE/MASTER/DeepLearning/DL-CNN/data/train/benign.
2026-04-10 20:59:41,741 - INFO - Iniciando aumento de datos en /Users/guille/Documents/LASALLE/MASTER/DeepLearning/DL-CNN/data/train/malignant (5590 imágenes)...
2026-04-10 21:01:06,234 - INFO - Aumento completado con éxito en /Users/guille/Documents/LASALLE/MASTER/DeepLearning/DL-CNN/data/train/malignant.
2026-04-10 21:01:06,235 - INFO - === STEP 4.5: POST-AUGMENTATION ANALYSIS ===
2026-04-10 21:01:06,353 - INFO - Procesando 25156 imágenes en 'benign'...
2026-04-10 21:06:36,274 - INFO - Procesando 22360 imágenes en 'malignant'...
2026-04-10 21:11:30,166 - INFO - Comparando 14 características comunes...
2026-04-10 21:11:30,414 - INFO - Reporte visual EDA guardado en: /Users/guille/Documents/LASALLE/MASTER/DeepLearning/DL-CNN/images/eda_boxplots_augmented.png
2026-04-10 21:11:30,414 - INFO - === STEP 5: SAVING VISUALIZATIONS ===
2026-04-10 21:11:31,338 - INFO - Visualización guardada con éxito en: /Users/guille/Documents/LASALLE/MASTER/DeepLearning/DL-CNN/images/summary_benign.png
2026-04-10 21:11:32,250 - INFO - Visualización guardada con éxito en: /Users/guille/Documents/LASALLE/MASTER/DeepLearning/DL-CNN/images/summary_malignant.png
2026-04-10 21:11:32,250 - INFO - === STEP 6: CNN TRAINING ===
2026-04-10 21:11:32,250 - INFO - === INICIANDO PIPELINE DE ENTRENAMIENTO CNN ===
2026-04-10 21:11:32,251 - INFO - ✅ Hiperparámetros cargados desde models/cnn/best_hyperparams.json
2026-04-10 21:11:32,308 - INFO - Dataloaders listos: 38012 entrenamiento, 9504 validación.
2026-04-10 21:11:32,314 - INFO - Modelo MelanomaNet inicializado con 202,690 parámetros.
2026-04-10 21:11:32,328 - INFO - Iniciando entrenamiento en mps con Early Stopping activo.
2026-04-10 21:13:31,177 - INFO - Época [1/30] | T-Loss: 0.4929 T-Acc: 80.14% | V-Loss: 0.5323 V-Acc: 79.16%
2026-04-10 21:13:31,224 - INFO - Nuevo récord de precisión: 79.16% (Modelo guardado)
2026-04-10 21:15:28,605 - INFO - Época [2/30] | T-Loss: 0.4507 T-Acc: 83.40% | V-Loss: 0.4451 V-Acc: 84.26%
2026-04-10 21:15:28,643 - INFO - Nuevo récord de precisión: 84.26% (Modelo guardado)
2026-04-10 21:17:25,724 - INFO - Época [3/30] | T-Loss: 0.4379 T-Acc: 84.50% | V-Loss: 0.4382 V-Acc: 84.48%
2026-04-10 21:17:25,773 - INFO - Nuevo récord de precisión: 84.48% (Modelo guardado)
2026-04-10 21:19:22,915 - INFO - Época [4/30] | T-Loss: 0.4349 T-Acc: 84.82% | V-Loss: 0.4106 V-Acc: 85.75%
2026-04-10 21:19:22,954 - INFO - Nuevo récord de precisión: 85.75% (Modelo guardado)
2026-04-10 21:21:20,155 - INFO - Época [5/30] | T-Loss: 0.4275 T-Acc: 85.12% | V-Loss: 0.4084 V-Acc: 86.86%
2026-04-10 21:21:20,204 - INFO - Nuevo récord de precisión: 86.86% (Modelo guardado)
2026-04-10 21:23:17,279 - INFO - Época [6/30] | T-Loss: 0.4227 T-Acc: 85.38% | V-Loss: 0.4004 V-Acc: 86.70%
2026-04-10 21:25:13,593 - INFO - Época [7/30] | T-Loss: 0.4191 T-Acc: 85.77% | V-Loss: 0.4055 V-Acc: 86.51%
2026-04-10 21:27:09,460 - INFO - Época [8/30] | T-Loss: 0.4150 T-Acc: 86.14% | V-Loss: 0.4002 V-Acc: 86.96%
2026-04-10 21:27:09,488 - INFO - Nuevo récord de precisión: 86.96% (Modelo guardado)
2026-04-10 21:29:05,417 - INFO - Época [9/30] | T-Loss: 0.4106 T-Acc: 86.37% | V-Loss: 0.3815 V-Acc: 87.97%
2026-04-10 21:29:05,462 - INFO - Nuevo récord de precisión: 87.97% (Modelo guardado)
2026-04-10 21:31:02,439 - INFO - Época [10/30] | T-Loss: 0.4083 T-Acc: 86.40% | V-Loss: 0.3974 V-Acc: 87.87%
2026-04-10 21:32:59,793 - INFO - Época [11/30] | T-Loss: 0.4062 T-Acc: 86.73% | V-Loss: 0.4021 V-Acc: 86.70%
2026-04-10 21:34:56,664 - INFO - Época [12/30] | T-Loss: 0.4022 T-Acc: 86.87% | V-Loss: 0.3957 V-Acc: 87.88%
2026-04-10 21:36:53,802 - INFO - Época [13/30] | T-Loss: 0.4014 T-Acc: 86.97% | V-Loss: 0.3808 V-Acc: 88.35%
2026-04-10 21:36:53,861 - INFO - Nuevo récord de precisión: 88.35% (Modelo guardado)
2026-04-10 21:38:51,599 - INFO - Época [14/30] | T-Loss: 0.3985 T-Acc: 87.18% | V-Loss: 0.3769 V-Acc: 88.43%
2026-04-10 21:38:51,643 - INFO - Nuevo récord de precisión: 88.43% (Modelo guardado)
2026-04-10 21:40:48,060 - INFO - Época [15/30] | T-Loss: 0.3943 T-Acc: 87.36% | V-Loss: 0.3951 V-Acc: 87.63%
2026-04-10 21:42:45,137 - INFO - Época [16/30] | T-Loss: 0.3941 T-Acc: 87.32% | V-Loss: 0.3733 V-Acc: 89.12%
2026-04-10 21:42:45,165 - INFO - Nuevo récord de precisión: 89.12% (Modelo guardado)
2026-04-10 21:44:40,900 - INFO - Época [17/30] | T-Loss: 0.3923 T-Acc: 87.66% | V-Loss: 0.3783 V-Acc: 88.43%
2026-04-10 21:46:36,888 - INFO - Época [18/30] | T-Loss: 0.3919 T-Acc: 87.47% | V-Loss: 0.3736 V-Acc: 88.79%
2026-04-10 21:48:34,021 - INFO - Época [19/30] | T-Loss: 0.3887 T-Acc: 87.99% | V-Loss: 0.3753 V-Acc: 88.55%
2026-04-10 21:50:31,299 - INFO - Época [20/30] | T-Loss: 0.3888 T-Acc: 87.74% | V-Loss: 0.3710 V-Acc: 89.07%
2026-04-10 21:52:28,590 - INFO - Época [21/30] | T-Loss: 0.3879 T-Acc: 88.02% | V-Loss: 0.3795 V-Acc: 88.63%
2026-04-10 21:54:25,492 - INFO - Época [22/30] | T-Loss: 0.3851 T-Acc: 88.05% | V-Loss: 0.3705 V-Acc: 88.40%
2026-04-10 21:56:22,318 - INFO - Época [23/30] | T-Loss: 0.3830 T-Acc: 88.06% | V-Loss: 0.3686 V-Acc: 89.68%
2026-04-10 21:56:22,364 - INFO - Nuevo récord de precisión: 89.68% (Modelo guardado)
2026-04-10 21:58:49,537 - INFO - Época [24/30] | T-Loss: 0.3842 T-Acc: 88.12% | V-Loss: 0.3625 V-Acc: 89.45%
2026-04-10 22:01:19,236 - INFO - Época [25/30] | T-Loss: 0.3823 T-Acc: 88.28% | V-Loss: 0.3631 V-Acc: 89.43%
2026-04-10 22:03:49,195 - INFO - Época [26/30] | T-Loss: 0.3805 T-Acc: 88.42% | V-Loss: 0.3634 V-Acc: 88.97%
2026-04-10 22:06:19,439 - INFO - Época [27/30] | T-Loss: 0.3804 T-Acc: 88.39% | V-Loss: 0.3667 V-Acc: 89.09%
2026-04-10 22:08:49,184 - INFO - Época [28/30] | T-Loss: 0.3799 T-Acc: 88.27% | V-Loss: 0.3682 V-Acc: 89.10%
2026-04-10 22:11:19,146 - INFO - Época [29/30] | T-Loss: 0.3701 T-Acc: 89.04% | V-Loss: 0.3561 V-Acc: 89.80%
2026-04-10 22:11:19,195 - INFO - Nuevo récord de precisión: 89.80% (Modelo guardado)
2026-04-10 22:13:49,454 - INFO - Época [30/30] | T-Loss: 0.3708 T-Acc: 88.95% | V-Loss: 0.3563 V-Acc: 89.95%
2026-04-10 22:13:49,502 - INFO - Nuevo récord de precisión: 89.95% (Modelo guardado)
2026-04-10 22:13:49,504 - INFO - === ENTRENAMIENTO COMPLETADO EXITOSAMENTE ===
2026-04-10 22:13:49,541 - INFO - Pipeline ejecutado con éxito.
