2026-04-10 18:42:29,220 - INFO - Ruta de ejecución detectada: /Users/guille/Documents/LASALLE/MASTER/DeepLearning/DL-CNN
2026-04-10 18:42:29,220 - INFO - === STEP 1: SETUP DATA ===
2026-04-10 18:42:29,220 - INFO - Starting decompression of 'melanoma_test_data.zip' into 'data/melanoma_test_data'...
2026-04-10 18:42:29,452 - INFO - Decompression completed successfully. Total files: 2003
2026-04-10 18:42:29,452 - INFO - Starting decompression of 'melanoma_train_data_benign.zip' into 'data/melanoma_train_data_benign'...
2026-04-10 18:42:30,254 - INFO - Decompression completed successfully. Total files: 6290
2026-04-10 18:42:30,255 - INFO - Starting decompression of 'melanoma_train_data_malignant.zip' into 'data/melanoma_train_data_malignant'...
2026-04-10 18:42:30,887 - INFO - Decompression completed successfully. Total files: 5591
2026-04-10 18:42:30,887 - INFO - Starting Melanoma data organization...
2026-04-10 18:42:30,887 - INFO - Successfully moved: test -> /Users/guille/Documents/LASALLE/MASTER/DeepLearning/DL-CNN/data/test
2026-04-10 18:42:30,890 - INFO - Successfully moved: Benign -> /Users/guille/Documents/LASALLE/MASTER/DeepLearning/DL-CNN/data/train/benign
2026-04-10 18:42:30,891 - INFO - Successfully moved: Malignant -> /Users/guille/Documents/LASALLE/MASTER/DeepLearning/DL-CNN/data/train/malignant
2026-04-10 18:42:30,891 - INFO - Cleaning up residual directories...
2026-04-10 18:42:30,891 - INFO - Successfully removed residual directory: /Users/guille/Documents/LASALLE/MASTER/DeepLearning/DL-CNN/data/melanoma_test_data
2026-04-10 18:42:30,891 - INFO - Successfully removed residual directory: /Users/guille/Documents/LASALLE/MASTER/DeepLearning/DL-CNN/data/melanoma_train_data_benign
2026-04-10 18:42:30,891 - INFO - Successfully removed residual directory: /Users/guille/Documents/LASALLE/MASTER/DeepLearning/DL-CNN/data/melanoma_train_data_malignant
2026-04-10 18:42:30,891 - INFO - Organization and cleanup complete.
2026-04-10 18:42:30,891 - INFO - === STEP 1.5: IMAGE ENHANCEMENT (FSRCNN PyTorch x4 + Laplacian) ===
2026-04-10 18:42:30,946 - INFO - FSRCNN x4 (Luminancia) cargado con éxito en mps
2026-04-10 18:42:30,969 - INFO - Iniciando Pipeline Rápido (FSRCNN + Laplaciano) en benign...
2026-04-10 18:42:31,393 - INFO - Progreso benign: 0/6289
2026-04-10 18:42:33,596 - INFO - Progreso benign: 100/6289
2026-04-10 18:42:35,782 - INFO - Progreso benign: 200/6289
2026-04-10 18:42:37,957 - INFO - Progreso benign: 300/6289
2026-04-10 18:42:40,122 - INFO - Progreso benign: 400/6289
2026-04-10 18:42:42,280 - INFO - Progreso benign: 500/6289
2026-04-10 18:42:44,532 - INFO - Progreso benign: 600/6289
2026-04-10 18:42:46,798 - INFO - Progreso benign: 700/6289
2026-04-10 18:42:49,026 - INFO - Progreso benign: 800/6289
2026-04-10 18:42:51,245 - INFO - Progreso benign: 900/6289
2026-04-10 18:42:53,516 - INFO - Progreso benign: 1000/6289
2026-04-10 18:42:55,741 - INFO - Progreso benign: 1100/6289
2026-04-10 18:42:57,899 - INFO - Progreso benign: 1200/6289
2026-04-10 18:43:00,109 - INFO - Progreso benign: 1300/6289
2026-04-10 18:43:02,329 - INFO - Progreso benign: 1400/6289
2026-04-10 18:43:04,436 - INFO - Progreso benign: 1500/6289
2026-04-10 18:43:06,598 - INFO - Progreso benign: 1600/6289
2026-04-10 18:43:08,749 - INFO - Progreso benign: 1700/6289
2026-04-10 18:43:10,901 - INFO - Progreso benign: 1800/6289
2026-04-10 18:43:13,115 - INFO - Progreso benign: 1900/6289
2026-04-10 18:43:15,368 - INFO - Progreso benign: 2000/6289
2026-04-10 18:43:17,652 - INFO - Progreso benign: 2100/6289
2026-04-10 18:43:19,879 - INFO - Progreso benign: 2200/6289
2026-04-10 18:43:22,065 - INFO - Progreso benign: 2300/6289
2026-04-10 18:43:24,204 - INFO - Progreso benign: 2400/6289
2026-04-10 18:43:26,330 - INFO - Progreso benign: 2500/6289
2026-04-10 18:43:28,517 - INFO - Progreso benign: 2600/6289
2026-04-10 18:43:30,613 - INFO - Progreso benign: 2700/6289
2026-04-10 18:43:32,719 - INFO - Progreso benign: 2800/6289
2026-04-10 18:43:34,878 - INFO - Progreso benign: 2900/6289
2026-04-10 18:43:37,010 - INFO - Progreso benign: 3000/6289
2026-04-10 18:43:39,171 - INFO - Progreso benign: 3100/6289
2026-04-10 18:43:41,340 - INFO - Progreso benign: 3200/6289
2026-04-10 18:43:43,592 - INFO - Progreso benign: 3300/6289
2026-04-10 18:43:45,944 - INFO - Progreso benign: 3400/6289
2026-04-10 18:43:48,342 - INFO - Progreso benign: 3500/6289
2026-04-10 18:43:50,811 - INFO - Progreso benign: 3600/6289
2026-04-10 18:43:53,256 - INFO - Progreso benign: 3700/6289
2026-04-10 18:43:55,574 - INFO - Progreso benign: 3800/6289
2026-04-10 18:43:57,881 - INFO - Progreso benign: 3900/6289
2026-04-10 18:44:00,400 - INFO - Progreso benign: 4000/6289
2026-04-10 18:44:02,901 - INFO - Progreso benign: 4100/6289
2026-04-10 18:44:05,219 - INFO - Progreso benign: 4200/6289
2026-04-10 18:44:07,523 - INFO - Progreso benign: 4300/6289
2026-04-10 18:44:09,815 - INFO - Progreso benign: 4400/6289
2026-04-10 18:44:12,150 - INFO - Progreso benign: 4500/6289
2026-04-10 18:44:14,489 - INFO - Progreso benign: 4600/6289
2026-04-10 18:44:16,835 - INFO - Progreso benign: 4700/6289
2026-04-10 18:44:19,145 - INFO - Progreso benign: 4800/6289
2026-04-10 18:44:21,436 - INFO - Progreso benign: 4900/6289
2026-04-10 18:44:23,693 - INFO - Progreso benign: 5000/6289
2026-04-10 18:44:26,080 - INFO - Progreso benign: 5100/6289
2026-04-10 18:44:28,608 - INFO - Progreso benign: 5200/6289
2026-04-10 18:44:30,902 - INFO - Progreso benign: 5300/6289
2026-04-10 18:44:33,111 - INFO - Progreso benign: 5400/6289
2026-04-10 18:44:35,332 - INFO - Progreso benign: 5500/6289
2026-04-10 18:44:37,486 - INFO - Progreso benign: 5600/6289
2026-04-10 18:44:39,616 - INFO - Progreso benign: 5700/6289
2026-04-10 18:44:41,738 - INFO - Progreso benign: 5800/6289
2026-04-10 18:44:43,741 - INFO - Progreso benign: 5900/6289
2026-04-10 18:44:45,740 - INFO - Progreso benign: 6000/6289
2026-04-10 18:44:47,723 - INFO - Progreso benign: 6100/6289
2026-04-10 18:44:49,669 - INFO - Progreso benign: 6200/6289
2026-04-10 18:44:51,444 - INFO - Pipeline completado en benign.
2026-04-10 18:44:51,474 - INFO - Iniciando Pipeline Rápido (FSRCNN + Laplaciano) en malignant...
2026-04-10 18:44:51,497 - INFO - Progreso malignant: 0/5590
2026-04-10 18:44:53,471 - INFO - Progreso malignant: 100/5590
2026-04-10 18:44:55,483 - INFO - Progreso malignant: 200/5590
2026-04-10 18:44:57,483 - INFO - Progreso malignant: 300/5590
2026-04-10 18:44:59,539 - INFO - Progreso malignant: 400/5590
2026-04-10 18:45:01,566 - INFO - Progreso malignant: 500/5590
2026-04-10 18:45:03,558 - INFO - Progreso malignant: 600/5590
2026-04-10 18:45:05,551 - INFO - Progreso malignant: 700/5590
2026-04-10 18:45:07,558 - INFO - Progreso malignant: 800/5590
2026-04-10 18:45:09,545 - INFO - Progreso malignant: 900/5590
2026-04-10 18:45:11,507 - INFO - Progreso malignant: 1000/5590
2026-04-10 18:45:13,486 - INFO - Progreso malignant: 1100/5590
2026-04-10 18:45:15,550 - INFO - Progreso malignant: 1200/5590
2026-04-10 18:45:17,535 - INFO - Progreso malignant: 1300/5590
2026-04-10 18:45:19,530 - INFO - Progreso malignant: 1400/5590
2026-04-10 18:45:21,545 - INFO - Progreso malignant: 1500/5590
2026-04-10 18:45:23,518 - INFO - Progreso malignant: 1600/5590
2026-04-10 18:45:25,529 - INFO - Progreso malignant: 1700/5590
2026-04-10 18:45:27,512 - INFO - Progreso malignant: 1800/5590
2026-04-10 18:45:29,522 - INFO - Progreso malignant: 1900/5590
2026-04-10 18:45:31,499 - INFO - Progreso malignant: 2000/5590
2026-04-10 18:45:33,492 - INFO - Progreso malignant: 2100/5590
2026-04-10 18:45:35,479 - INFO - Progreso malignant: 2200/5590
2026-04-10 18:45:37,454 - INFO - Progreso malignant: 2300/5590
2026-04-10 18:45:39,448 - INFO - Progreso malignant: 2400/5590
2026-04-10 18:45:41,441 - INFO - Progreso malignant: 2500/5590
2026-04-10 18:45:43,451 - INFO - Progreso malignant: 2600/5590
2026-04-10 18:45:45,470 - INFO - Progreso malignant: 2700/5590
2026-04-10 18:45:47,445 - INFO - Progreso malignant: 2800/5590
2026-04-10 18:45:49,410 - INFO - Progreso malignant: 2900/5590
2026-04-10 18:45:51,401 - INFO - Progreso malignant: 3000/5590
2026-04-10 18:45:53,327 - INFO - Progreso malignant: 3100/5590
2026-04-10 18:45:55,280 - INFO - Progreso malignant: 3200/5590
2026-04-10 18:45:57,385 - INFO - Progreso malignant: 3300/5590
2026-04-10 18:45:59,396 - INFO - Progreso malignant: 3400/5590
2026-04-10 18:46:01,432 - INFO - Progreso malignant: 3500/5590
2026-04-10 18:46:03,445 - INFO - Progreso malignant: 3600/5590
2026-04-10 18:46:05,473 - INFO - Progreso malignant: 3700/5590
2026-04-10 18:46:07,480 - INFO - Progreso malignant: 3800/5590
2026-04-10 18:46:09,533 - INFO - Progreso malignant: 3900/5590
2026-04-10 18:46:11,620 - INFO - Progreso malignant: 4000/5590
2026-04-10 18:46:13,604 - INFO - Progreso malignant: 4100/5590
2026-04-10 18:46:15,573 - INFO - Progreso malignant: 4200/5590
2026-04-10 18:46:17,536 - INFO - Progreso malignant: 4300/5590
2026-04-10 18:46:19,500 - INFO - Progreso malignant: 4400/5590
2026-04-10 18:46:21,443 - INFO - Progreso malignant: 4500/5590
2026-04-10 18:46:23,372 - INFO - Progreso malignant: 4600/5590
2026-04-10 18:46:25,306 - INFO - Progreso malignant: 4700/5590
2026-04-10 18:46:27,270 - INFO - Progreso malignant: 4800/5590
2026-04-10 18:46:29,217 - INFO - Progreso malignant: 4900/5590
2026-04-10 18:46:31,154 - INFO - Progreso malignant: 5000/5590
2026-04-10 18:46:33,211 - INFO - Progreso malignant: 5100/5590
2026-04-10 18:46:35,268 - INFO - Progreso malignant: 5200/5590
2026-04-10 18:46:37,276 - INFO - Progreso malignant: 5300/5590
2026-04-10 18:46:39,332 - INFO - Progreso malignant: 5400/5590
2026-04-10 18:46:41,352 - INFO - Progreso malignant: 5500/5590
2026-04-10 18:46:43,145 - INFO - Pipeline completado en malignant.
2026-04-10 18:46:43,146 - INFO - === STEP 2: PATTERN ANALYSIS ===
2026-04-10 18:46:43,160 - INFO - Procesando 6289 imágenes en 'benign'...
