2026-04-10 18:41:36,162 - INFO - Ruta de ejecución detectada: /Users/guille/Documents/LASALLE/MASTER/DeepLearning/DL-CNN
2026-04-10 18:41:36,162 - INFO - === STEP 1: SETUP DATA ===
2026-04-10 18:41:36,162 - INFO - Starting decompression of 'melanoma_test_data.zip' into 'data/melanoma_test_data'...
2026-04-10 18:41:36,442 - INFO - Decompression completed successfully. Total files: 2003
2026-04-10 18:41:36,442 - INFO - Starting decompression of 'melanoma_train_data_benign.zip' into 'data/melanoma_train_data_benign'...
2026-04-10 18:41:37,287 - INFO - Decompression completed successfully. Total files: 6290
2026-04-10 18:41:37,287 - INFO - Starting decompression of 'melanoma_train_data_malignant.zip' into 'data/melanoma_train_data_malignant'...
2026-04-10 18:41:38,068 - INFO - Decompression completed successfully. Total files: 5591
2026-04-10 18:41:38,069 - INFO - Starting Melanoma data organization...
2026-04-10 18:41:38,069 - WARNING - Destination already exists: /Users/guille/Documents/LASALLE/MASTER/DeepLearning/DL-CNN/data/test. Skipping.
2026-04-10 18:41:38,069 - WARNING - Destination already exists: /Users/guille/Documents/LASALLE/MASTER/DeepLearning/DL-CNN/data/train/benign. Skipping.
2026-04-10 18:41:38,069 - WARNING - Destination already exists: /Users/guille/Documents/LASALLE/MASTER/DeepLearning/DL-CNN/data/train/malignant. Skipping.
2026-04-10 18:41:38,069 - INFO - Cleaning up residual directories...
2026-04-10 18:41:38,158 - INFO - Successfully removed residual directory: /Users/guille/Documents/LASALLE/MASTER/DeepLearning/DL-CNN/data/melanoma_test_data
2026-04-10 18:41:38,493 - INFO - Successfully removed residual directory: /Users/guille/Documents/LASALLE/MASTER/DeepLearning/DL-CNN/data/melanoma_train_data_benign
2026-04-10 18:41:38,777 - INFO - Successfully removed residual directory: /Users/guille/Documents/LASALLE/MASTER/DeepLearning/DL-CNN/data/melanoma_train_data_malignant
2026-04-10 18:41:38,777 - INFO - Organization and cleanup complete.
2026-04-10 18:41:38,777 - INFO - === STEP 1.5: IMAGE ENHANCEMENT (FSRCNN PyTorch x4 + Laplacian) ===
2026-04-10 18:41:38,857 - INFO - FSRCNN x4 (Luminancia) cargado con éxito en mps
2026-04-10 18:41:38,991 - INFO - Iniciando Pipeline Rápido (FSRCNN + Laplaciano) en benign...
2026-04-10 18:41:38,991 - INFO - Pipeline completado en benign.
2026-04-10 18:41:39,126 - INFO - Iniciando Pipeline Rápido (FSRCNN + Laplaciano) en malignant...
2026-04-10 18:41:39,126 - INFO - Pipeline completado en malignant.
2026-04-10 18:41:39,126 - INFO - === STEP 2: PATTERN ANALYSIS ===
2026-04-10 18:41:39,231 - INFO - Procesando 37734 imágenes en 'benign'...
